# JRE version: Java(TM) SE Runtime Environment (8.0_101-b13) (build 1.8.0_101-b13)
# Java VM: Java HotSpot(TM) 64-Bit Server VM (25.101-b13 mixed mode windows-amd64 compressed oops)
Heap:
 PSYoungGen      total 146432K, used 31095K [0x00000000eaf80000, 0x00000000f4d80000, 0x0000000100000000)
  eden space 131072K, 23% used [0x00000000eaf80000,0x00000000ecdddca8,0x00000000f2f80000)
  from space 15360K, 0% used [0x00000000f2f80000,0x00000000f2f80000,0x00000000f3e80000)
  to   space 15360K, 0% used [0x00000000f3e80000,0x00000000f3e80000,0x00000000f4d80000)
 ParOldGen       total 64000K, used 27982K [0x00000000c0e00000, 0x00000000c4c80000, 0x00000000eaf80000)
  object space 64000K, 43% used [0x00000000c0e00000,0x00000000c2953bb0,0x00000000c4c80000)
 Metaspace       used 20845K, capacity 21178K, committed 21248K, reserved 1067008K
  class space    used 2663K, capacity 2759K, committed 2816K, reserved 1048576K
GC Heap History (10 events):
Event: 4.853 GC heap before
{Heap before GC invocations=4 (full 0):
 PSYoungGen      total 35328K, used 35312K [0x00000000eaf80000, 0x00000000ef480000, 0x0000000100000000)
  eden space 32768K, 100% used [0x00000000eaf80000,0x00000000ecf80000,0x00000000ecf80000)
  from space 2560K, 99% used [0x00000000ecf80000,0x00000000ed1fc010,0x00000000ed200000)
  to   space 2560K, 0% used [0x00000000ef200000,0x00000000ef200000,0x00000000ef480000)
 ParOldGen       total 44032K, used 10313K [0x00000000c0e00000, 0x00000000c3900000, 0x00000000eaf80000)
  object space 44032K, 23% used [0x00000000c0e00000,0x00000000c1812418,0x00000000c3900000)
 Metaspace       used 12916K, capacity 13048K, committed 13312K, reserved 1060864K
  class space    used 1709K, capacity 1756K, committed 1792K, reserved 1048576K
Event: 4.891 GC heap after
Heap after GC invocations=4 (full 0):
 PSYoungGen      total 68096K, used 2528K [0x00000000eaf80000, 0x00000000ef480000, 0x0000000100000000)
  eden space 65536K, 0% used [0x00000000eaf80000,0x00000000eaf80000,0x00000000eef80000)
  from space 2560K, 98% used [0x00000000ef200000,0x00000000ef478020,0x00000000ef480000)
  to   space 2560K, 0% used [0x00000000eef80000,0x00000000eef80000,0x00000000ef200000)
 ParOldGen       total 44032K, used 17174K [0x00000000c0e00000, 0x00000000c3900000, 0x00000000eaf80000)
  object space 44032K, 39% used [0x00000000c0e00000,0x00000000c1ec58b8,0x00000000c3900000)
 Metaspace       used 12916K, capacity 13048K, committed 13312K, reserved 1060864K
  class space    used 1709K, capacity 1756K, committed 1792K, reserved 1048576K
}
Event: 10.745 GC heap before
{Heap before GC invocations=5 (full 0):
 PSYoungGen      total 68096K, used 68064K [0x00000000eaf80000, 0x00000000ef480000, 0x0000000100000000)
  eden space 65536K, 100% used [0x00000000eaf80000,0x00000000eef80000,0x00000000eef80000)
  from space 2560K, 98% used [0x00000000ef200000,0x00000000ef478020,0x00000000ef480000)
  to   space 2560K, 0% used [0x00000000eef80000,0x00000000eef80000,0x00000000ef200000)
 ParOldGen       total 44032K, used 17174K [0x00000000c0e00000, 0x00000000c3900000, 0x00000000eaf80000)
  object space 44032K, 39% used [0x00000000c0e00000,0x00000000c1ec58b8,0x00000000c3900000)
 Metaspace       used 19970K, capacity 20190K, committed 20352K, reserved 1067008K
  class space    used 2594K, capacity 2669K, committed 2688K, reserved 1048576K
Event: 10.786 GC heap after
Heap after GC invocations=5 (full 0):
 PSYoungGen      total 68096K, used 2544K [0x00000000eaf80000, 0x00000000f4d80000, 0x0000000100000000)
  eden space 65536K, 0% used [0x00000000eaf80000,0x00000000eaf80000,0x00000000eef80000)
  from space 2560K, 99% used [0x00000000eef80000,0x00000000ef1fc010,0x00000000ef200000)
  to   space 15360K, 0% used [0x00000000f3e80000,0x00000000f3e80000,0x00000000f4d80000)
 ParOldGen       total 44032K, used 27543K [0x00000000c0e00000, 0x00000000c3900000, 0x00000000eaf80000)
  object space 44032K, 62% used [0x00000000c0e00000,0x00000000c28e5c08,0x00000000c3900000)
 Metaspace       used 19970K, capacity 20190K, committed 20352K, reserved 1067008K
  class space    used 2594K, capacity 2669K, committed 2688K, reserved 1048576K
}
Event: 14.142 GC heap before
{Heap before GC invocations=6 (full 0):
 PSYoungGen      total 68096K, used 68080K [0x00000000eaf80000, 0x00000000f4d80000, 0x0000000100000000)
  eden space 65536K, 100% used [0x00000000eaf80000,0x00000000eef80000,0x00000000eef80000)
  from space 2560K, 99% used [0x00000000eef80000,0x00000000ef1fc010,0x00000000ef200000)
  to   space 15360K, 0% used [0x00000000f3e80000,0x00000000f3e80000,0x00000000f4d80000)
 ParOldGen       total 44032K, used 27543K [0x00000000c0e00000, 0x00000000c3900000, 0x00000000eaf80000)
  object space 44032K, 62% used [0x00000000c0e00000,0x00000000c28e5c08,0x00000000c3900000)
 Metaspace       used 20781K, capacity 21078K, committed 21248K, reserved 1067008K
  class space    used 2659K, capacity 2753K, committed 2816K, reserved 1048576K
Event: 14.181 GC heap after
Heap after GC invocations=6 (full 0):
 PSYoungGen      total 146432K, used 3338K [0x00000000eaf80000, 0x00000000f4d80000, 0x0000000100000000)
  eden space 131072K, 0% used [0x00000000eaf80000,0x00000000eaf80000,0x00000000f2f80000)
  from space 15360K, 21% used [0x00000000f3e80000,0x00000000f41c2a18,0x00000000f4d80000)
  to   space 15360K, 0% used [0x00000000f2f80000,0x00000000f2f80000,0x00000000f3e80000)
 ParOldGen       total 44032K, used 27551K [0x00000000c0e00000, 0x00000000c3900000, 0x00000000eaf80000)
  object space 44032K, 62% used [0x00000000c0e00000,0x00000000c28e7c08,0x00000000c3900000)
 Metaspace       used 20781K, capacity 21078K, committed 21248K, reserved 1067008K
  class space    used 2659K, capacity 2753K, committed 2816K, reserved 1048576K
}
Event: 18.062 GC heap before
{Heap before GC invocations=7 (full 0):
 PSYoungGen      total 146432K, used 124337K [0x00000000eaf80000, 0x00000000f4d80000, 0x0000000100000000)
  eden space 131072K, 92% used [0x00000000eaf80000,0x00000000f25a9b08,0x00000000f2f80000)
  from space 15360K, 21% used [0x00000000f3e80000,0x00000000f41c2a18,0x00000000f4d80000)
  to   space 15360K, 0% used [0x00000000f2f80000,0x00000000f2f80000,0x00000000f3e80000)
 ParOldGen       total 44032K, used 27551K [0x00000000c0e00000, 0x00000000c3900000, 0x00000000eaf80000)
  object space 44032K, 62% used [0x00000000c0e00000,0x00000000c28e7c08,0x00000000c3900000)
 Metaspace       used 20844K, capacity 21178K, committed 21248K, reserved 1067008K
  class space    used 2663K, capacity 2759K, committed 2816K, reserved 1048576K
Event: 18.588 GC heap after
Heap after GC invocations=7 (full 0):
 PSYoungGen      total 146432K, used 1968K [0x00000000eaf80000, 0x00000000f4d80000, 0x0000000100000000)
  eden space 131072K, 0% used [0x00000000eaf80000,0x00000000eaf80000,0x00000000f2f80000)
  from space 15360K, 12% used [0x00000000f2f80000,0x00000000f316c010,0x00000000f3e80000)
  to   space 15360K, 0% used [0x00000000f3e80000,0x00000000f3e80000,0x00000000f4d80000)
 ParOldGen       total 44032K, used 28581K [0x00000000c0e00000, 0x00000000c3900000, 0x00000000eaf80000)
  object space 44032K, 64% used [0x00000000c0e00000,0x00000000c29e94b8,0x00000000c3900000)
 Metaspace       used 20844K, capacity 21178K, committed 21248K, reserved 1067008K
  class space    used 2663K, capacity 2759K, committed 2816K, reserved 1048576K
}
Event: 18.588 GC heap before
{Heap before GC invocations=8 (full 1):
 PSYoungGen      total 146432K, used 1968K [0x00000000eaf80000, 0x00000000f4d80000, 0x0000000100000000)
  eden space 131072K, 0% used [0x00000000eaf80000,0x00000000eaf80000,0x00000000f2f80000)
  from space 15360K, 12% used [0x00000000f2f80000,0x00000000f316c010,0x00000000f3e80000)
  to   space 15360K, 0% used [0x00000000f3e80000,0x00000000f3e80000,0x00000000f4d80000)
 ParOldGen       total 44032K, used 28581K [0x00000000c0e00000, 0x00000000c3900000, 0x00000000eaf80000)
  object space 44032K, 64% used [0x00000000c0e00000,0x00000000c29e94b8,0x00000000c3900000)
 Metaspace       used 20844K, capacity 21178K, committed 21248K, reserved 1067008K
  class space    used 2663K, capacity 2759K, committed 2816K, reserved 1048576K
Event: 19.120 GC heap after
Heap after GC invocations=8 (full 1):
 PSYoungGen      total 146432K, used 0K [0x00000000eaf80000, 0x00000000f4d80000, 0x0000000100000000)
  eden space 131072K, 0% used [0x00000000eaf80000,0x00000000eaf80000,0x00000000f2f80000)
  from space 15360K, 0% used [0x00000000f2f80000,0x00000000f2f80000,0x00000000f3e80000)
  to   space 15360K, 0% used [0x00000000f3e80000,0x00000000f3e80000,0x00000000f4d80000)
 ParOldGen       total 64000K, used 27982K [0x00000000c0e00000, 0x00000000c4c80000, 0x00000000eaf80000)
  object space 64000K, 43% used [0x00000000c0e00000,0x00000000c2953bb0,0x00000000c4c80000)
 Metaspace       used 20844K, capacity 21178K, committed 21248K, reserved 1067008K
  class space    used 2663K, capacity 2759K, committed 2816K, reserved 1048576K
}

